10/10/13 4:02:05 PM - 10: org.apache.uima.adapter.jms.service.UIMA_Service.initialize(68): INFO: UIMA-AS version 2.4.0
10/10/13 4:02:07 PM - 10: org.apache.uima.aae.controller.BaseAnalysisEngineController.logPlatformInfo: INFO: 
+------------------------------------------------------------------
                   Starting UIMA AS Service - PID: 15799
+------------------------------------------------------------------
+ Service Name:allInOneDescriptor
+ Service Queue Name:aQueue
+ Service Start Time:10 Oct 2013 16:02:04 
+ UIMA AS Version:2.4.0
+ UIMA Core Version:2.4.0
+ OS Name:Mac OS X
+ OS Version:10.8.5
+ OS Architecture:x86_64
+ OS CPU Count:4
+ JVM Vendor:Apple Inc.
+ JVM Name:Java HotSpot(TM) 64-Bit Server VM
+ JVM Version:20.51-b01-456
+ JVM Input Args:[-DVNS_HOST=localhost, -DVNS_PORT=9000, -Duima.home=/Users/Cambi/Plugins/apache-uima-as-2.4.0, -Duima.datapath=, -Djava.util.logging.config.file=/Users/Cambi/Plugins/apache-uima-as-2.4.0/config/Logger.properties, -Duima.tools.cvd.manpath.notset, -Xms128M, -Xmx800M, -Dlog4j.configuration=file:/Users/Cambi/Plugins/apache-uima-as-2.4.0/as_config/uimaAsLog4j.properties, -DUimaBootstrapSuppressClassPathDisplay, -Dorg.apache.uima.jarpath=/Users/Cambi/Documents/Program/EclipseWorkspace/hw3-taog/target/classes:/Users/Cambi/Plugins/apache-uima-as-2.4.0/examples/resources:/Users/Cambi/Plugins/apache-uima-as-2.4.0/lib::/Users/Cambi/Plugins/apache-uima-as-2.4.0/lib/xmlbeans:/Users/Cambi/Plugins/apache-uima-as-2.4.0/apache-activemq-5.4.1:/Users/Cambi/Plugins/apache-uima-as-2.4.0/apache-activemq-5.4.1/lib:/Users/Cambi/Plugins/apache-uima-as-2.4.0/apache-activemq-5.4.1/lib/optional:]
+ JVM Classpath:/Users/Cambi/Plugins/apache-uima-as-2.4.0/lib/uimaj-bootstrap.jar
+ JVM Loaded Jars:/Users/Cambi/Plugins/apache-uima-as-2.4.0/lib/uimaj-bootstrap.jar:/Users/Cambi/Documents/Program/EclipseWorkspace/hw3-taog/target/classes/:/Users/Cambi/Plugins/apache-uima-as-2.4.0/examples/resources/:/Users/Cambi/Plugins/apache-uima-as-2.4.0/lib/jVinci.jar:/Users/Cambi/Plugins/apache-uima-as-2.4.0/lib/uima-adapter-soap.jar:/Users/Cambi/Plugins/apache-uima-as-2.4.0/lib/uima-adapter-vinci.jar:/Users/Cambi/Plugins/apache-uima-as-2.4.0/lib/uima-core.jar:/Users/Cambi/Plugins/apache-uima-as-2.4.0/lib/uima-cpe.jar:/Users/Cambi/Plugins/apache-uima-as-2.4.0/lib/uima-document-annotation.jar:/Users/Cambi/Plugins/apache-uima-as-2.4.0/lib/uima-examples.jar:/Users/Cambi/Plugins/apache-uima-as-2.4.0/lib/uima-tools.jar:/Users/Cambi/Plugins/apache-uima-as-2.4.0/lib/uimaj-as-activemq.jar:/Users/Cambi/Plugins/apache-uima-as-2.4.0/lib/uimaj-as-camel.jar:/Users/Cambi/Plugins/apache-uima-as-2.4.0/lib/uimaj-as-core.jar:/Users/Cambi/Plugins/apache-uima-as-2.4.0/lib/uimaj-as-jms.jar:/Users/Cambi/Plugins/apache-uima-as-2.4.0/lib/xmlbeans.jar:/Users/Cambi/Plugins/apache-uima-as-2.4.0/apache-activemq-5.4.1/activemq-all-5.4.1.jar:/Users/Cambi/Plugins/apache-uima-as-2.4.0/apache-activemq-5.4.1/lib/activemq-camel-5.4.1.jar:/Users/Cambi/Plugins/apache-uima-as-2.4.0/apache-activemq-5.4.1/lib/activemq-console-5.4.1.jar:/Users/Cambi/Plugins/apache-uima-as-2.4.0/apache-activemq-5.4.1/lib/activemq-core-5.4.1.jar:/Users/Cambi/Plugins/apache-uima-as-2.4.0/apache-activemq-5.4.1/lib/activemq-optional-5.4.1.jar:/Users/Cambi/Plugins/apache-uima-as-2.4.0/apache-activemq-5.4.1/lib/activemq-spring-5.4.1.jar:/Users/Cambi/Plugins/apache-uima-as-2.4.0/apache-activemq-5.4.1/lib/commons-logging-1.1.1.jar:/Users/Cambi/Plugins/apache-uima-as-2.4.0/apache-activemq-5.4.1/lib/geronimo-j2ee-management_1.1_spec-1.0.1.jar:/Users/Cambi/Plugins/apache-uima-as-2.4.0/apache-activemq-5.4.1/lib/geronimo-jms_1.1_spec-1.1.jar:/Users/Cambi/Plugins/apache-uima-as-2.4.0/apache-activemq-5.4.1/lib/kahadb-5.4.1.jar:/Users/Cambi/Plugins/apache-uima-as-2.4.0/apache-activemq-5.4.1/lib/spring-aop-3.0.3.RELEASE.jar:/Users/Cambi/Plugins/apache-uima-as-2.4.0/apache-activemq-5.4.1/lib/spring-asm-3.0.3.RELEASE.jar:/Users/Cambi/Plugins/apache-uima-as-2.4.0/apache-activemq-5.4.1/lib/spring-beans-3.0.3.RELEASE.jar:/Users/Cambi/Plugins/apache-uima-as-2.4.0/apache-activemq-5.4.1/lib/spring-context-3.0.3.RELEASE.jar:/Users/Cambi/Plugins/apache-uima-as-2.4.0/apache-activemq-5.4.1/lib/spring-core-3.0.3.RELEASE.jar:/Users/Cambi/Plugins/apache-uima-as-2.4.0/apache-activemq-5.4.1/lib/spring-expression-3.0.3.RELEASE.jar:/Users/Cambi/Plugins/apache-uima-as-2.4.0/apache-activemq-5.4.1/lib/spring-jms-3.0.3.RELEASE.jar:/Users/Cambi/Plugins/apache-uima-as-2.4.0/apache-activemq-5.4.1/lib/spring-tx-3.0.3.RELEASE.jar:/Users/Cambi/Plugins/apache-uima-as-2.4.0/apache-activemq-5.4.1/lib/xbean-spring-3.7.jar:/Users/Cambi/Plugins/apache-uima-as-2.4.0/apache-activemq-5.4.1/lib/optional/commons-codec-1.2.jar:/Users/Cambi/Plugins/apache-uima-as-2.4.0/apache-activemq-5.4.1/lib/optional/commons-httpclient-3.1.jar:/Users/Cambi/Plugins/apache-uima-as-2.4.0/apache-activemq-5.4.1/lib/optional/geronimo-servlet_2.5_spec-1.2.jar:/Users/Cambi/Plugins/apache-uima-as-2.4.0/apache-activemq-5.4.1/lib/optional/jetty-all-server-7.0.1.v20091125.jar:/Users/Cambi/Plugins/apache-uima-as-2.4.0/apache-activemq-5.4.1/lib/optional/log4j-1.2.14.jar:/Users/Cambi/Plugins/apache-uima-as-2.4.0/apache-activemq-5.4.1/lib/optional/xmlpull-1.1.3.4d_b4_min.jar:/Users/Cambi/Plugins/apache-uima-as-2.4.0/apache-activemq-5.4.1/lib/optional/xstream-1.3.1.jar:
+ JVM LIB_PATH:/Users/Cambi/Plugins/apache-uima-as-2.4.0/uimacpp/lib:/Users/Cambi/Plugins/apache-uima-as-2.4.0/uimacpp/examples/tutorial/src::.:/Library/Java/Extensions:/System/Library/Java/Extensions:/usr/lib/java
+------------------------------------------------------------------ 
10/10/13 4:02:07 PM - 10: org.apache.uima.adapter.jms.activemq.JmsInputChannel.setEndpointName: INFO: top_level_input_queue_service_1 Service Starting - Listening for Messages 
10/10/13 4:02:07 PM - 10: org.apache.uima.adapter.jms.activemq.SpringContainerDeployer.waitForServiceNotification: INFO: Uima EE Client Blocking - Awaiting Top Level Controller Initialization Notification
10/10/13 4:02:07 PM - 11: org.apache.uima.aae.UimaAsThreadFactory$1.UimaAsThreadFactory.run(): INFO: Controller: allInOneDescriptor Initializing AE instance on Thread Id: 15
10/10/13 4:02:07 PM - 11: org.apache.uima.adapter.jms.client.BaseUIMAAsynchronousEngine_impl.<init>(128): INFO: UIMA Version 2.4.0 UIMA-AS Version 2.4.0
10/10/13 4:02:08 PM - 11: org.apache.uima.adapter.jms.client.BaseUIMAAsynchronousEngine_impl.setupConnection: INFO: UIMA AS Client Created Shared Connection To Broker: tcp://mu.lti.cs.cmu.edu:61616
10/10/13 4:02:08 PM - 11: org.apache.uima.adapter.jms.client.BaseUIMAAsynchronousEngine_impl.initializeProducer: INFO: Initializing JMS Message Producer. Broker: tcp://mu.lti.cs.cmu.edu:61616 Queue Name: ScnlpQueue
10/10/13 4:02:08 PM - 11: org.apache.uima.adapter.jms.client.BaseUIMAAsynchronousEngine_impl.initializeConsumer: INFO: Initializing JMS Message Consumer. Broker: tcp://mu.lti.cs.cmu.edu:61616 Queue Name: ID:CAir.local-53759-1381435328101-0:0:1
10/10/13 4:02:08 PM - 11: org.apache.uima.adapter.jms.client.BaseUIMAAsynchronousEngine_impl.initialize: INFO: Asynchronous Client Has Been Initialized. Serialization Strategy: [xmi] Ready To Process.
10/10/13 4:02:09 PM - 11: org.apache.uima.aae.controller.PrimitiveAnalysisEngineController_impl.postInitialize: INFO: ********* Initialized the Controller. allInOneDescriptor Ready To Process. ********
10/10/13 4:02:09 PM - 10: org.apache.uima.adapter.jms.activemq.SpringContainerDeployer.doStartListeners: INFO: Controller: allInOneDescriptor Starting Listener on Endpoint: queue://aQueue Selector: Command=2000 OR Command=2002 Broker: tcp://CAir.local:61616
10/10/13 4:02:09 PM - 10: org.apache.uima.adapter.jms.activemq.SpringContainerDeployer.doStartListeners: INFO: Controller: allInOneDescriptor Starting Listener on Endpoint: queue://aQueue Selector: Command=2001 Broker: tcp://CAir.local:61616
10/10/13 4:11:49 PM - 11: org.apache.uima.adapter.jms.activemq.UimaDefaultMessageListenerContainer.onException: WARNING: Service: allInOneDescriptor Runtime Exception  
10/10/13 4:11:49 PM - 11: org.apache.uima.adapter.jms.activemq.UimaDefaultMessageListenerContainer.onException: WARNING: Jms Listener Failed. Endpoint: aQueue Managed By: tcp://CAir.local:61616 Reason: javax.jms.JMSException: Channel was inactive for too (>30000) long: CAir.local/128.237.203.119:61616
10/10/13 4:11:49 PM - 11: org.apache.uima.adapter.jms.activemq.UimaDefaultMessageListenerContainer.handleListenerSetupFailure: WARNING: Uima AS Service:allInOneDescriptor Listener Unable To Connect To Broker: tcp://CAir.local:61616 Retrying ...  
10/10/13 4:11:49 PM - 11: org.apache.uima.adapter.jms.activemq.UimaDefaultMessageListenerContainer.handleListenerSetupFailure: WARNING: Uima AS Service:allInOneDescriptor Listener Established Connection to Broker: tcp://CAir.local:61616 
10/10/13 4:11:49 PM - 12: org.apache.uima.adapter.jms.activemq.UimaDefaultMessageListenerContainer.onException: WARNING: Service: allInOneDescriptor Runtime Exception  
10/10/13 4:11:49 PM - 12: org.apache.uima.adapter.jms.activemq.UimaDefaultMessageListenerContainer.onException: WARNING: Jms Listener Failed. Endpoint: aQueue Managed By: tcp://CAir.local:61616 Reason: javax.jms.JMSException: Channel was inactive for too (>30000) long: CAir.local/128.237.203.119:61616
10/10/13 4:11:49 PM - 12: org.apache.uima.adapter.jms.activemq.UimaDefaultMessageListenerContainer.handleListenerSetupFailure: WARNING: Uima AS Service:allInOneDescriptor Listener Unable To Connect To Broker: tcp://CAir.local:61616 Retrying ...  
10/10/13 4:11:49 PM - 12: org.apache.uima.adapter.jms.activemq.UimaDefaultMessageListenerContainer.handleListenerSetupFailure: WARNING: Uima AS Service:allInOneDescriptor Listener Established Connection to Broker: tcp://CAir.local:61616 
10/10/13 4:13:59 PM - 11: org.apache.uima.adapter.jms.activemq.UimaDefaultMessageListenerContainer.onException: WARNING: Service: allInOneDescriptor Runtime Exception  
10/10/13 4:13:59 PM - 11: org.apache.uima.adapter.jms.activemq.UimaDefaultMessageListenerContainer.onException: WARNING: Jms Listener Failed. Endpoint: aQueue Managed By: tcp://CAir.local:61616 Reason: javax.jms.JMSException: Channel was inactive for too (>30000) long: CAir.local/169.254.243.214:61616
10/10/13 4:13:59 PM - 11: org.apache.uima.adapter.jms.activemq.UimaDefaultMessageListenerContainer.handleListenerSetupFailure: WARNING: Uima AS Service:allInOneDescriptor Listener Unable To Connect To Broker: tcp://CAir.local:61616 Retrying ...  
10/10/13 4:13:59 PM - 11: org.apache.uima.adapter.jms.activemq.UimaDefaultMessageListenerContainer.handleListenerSetupFailure: WARNING: Uima AS Service:allInOneDescriptor Listener Established Connection to Broker: tcp://CAir.local:61616 
10/10/13 4:13:59 PM - 12: org.apache.uima.adapter.jms.activemq.UimaDefaultMessageListenerContainer.onException: WARNING: Service: allInOneDescriptor Runtime Exception  
10/10/13 4:13:59 PM - 12: org.apache.uima.adapter.jms.activemq.UimaDefaultMessageListenerContainer.onException: WARNING: Jms Listener Failed. Endpoint: aQueue Managed By: tcp://CAir.local:61616 Reason: javax.jms.JMSException: Channel was inactive for too (>30000) long: CAir.local/169.254.243.214:61616
10/10/13 4:13:59 PM - 12: org.apache.uima.adapter.jms.activemq.UimaDefaultMessageListenerContainer.handleListenerSetupFailure: WARNING: Uima AS Service:allInOneDescriptor Listener Unable To Connect To Broker: tcp://CAir.local:61616 Retrying ...  
10/10/13 4:13:59 PM - 12: org.apache.uima.adapter.jms.activemq.UimaDefaultMessageListenerContainer.handleListenerSetupFailure: WARNING: Uima AS Service:allInOneDescriptor Listener Established Connection to Broker: tcp://CAir.local:61616 
10/10/13 4:25:27 PM - 13: org.apache.uima.adapter.jms.client.ActiveMQMessageSender.reject: INFO: UIMA AS Client Message Dispatcher Rejecting Process Request - the Broker Is Not Available.
10/10/13 4:25:27 PM - 13: org.apache.uima.adapter.jms.client.BaseUIMAAsynchronousEngineCommon_impl.handleException: INFO: Received Exception In Message From Service on Queue:UimaASClient Broker: tcp://mu.lti.cs.cmu.edu:61616 Cas Identifier:-35f56554:141a3f64336:-7fed Exception:org.apache.uima.jms.error.handler.BrokerConnectionException: Unable To Deliver Message To Destination. Connection To Broker tcp://mu.lti.cs.cmu.edu:61616 Has Been Lost
10/10/13 4:25:27 PM - 13: org.apache.uima.adapter.jms.client.BaseUIMAAsynchronousEngineCommon_impl$SharedConnection.retryConnectionUntilSuccessfull: WARNING: UIMA AS Client Has Lost Connection To Broker:tcp://mu.lti.cs.cmu.edu:61616 Retrying Connection every 5secs until successful. Is Client Stopped:
10/10/13 4:25:27 PM - 11: org.apache.uima.adapter.jms.client.BaseUIMAAsynchronousEngineCommon_impl.sendAndReceiveCAS: INFO: UIMA AS Handling Exception in sendAndReceive(). CAS hashcode:1703462968. ThreadMonitor Released Semaphore For Thread ID:15
10/10/13 4:25:27 PM - 11: org.apache.uima.analysis_engine.service.impl.AnalysisEngineServiceAdapter.processAndOutputNewCASes(140): SEVERE: Exception occurred
org.apache.uima.resource.ResourceServiceException: Received Exception In Message From Service on Queue:ScnlpQueue Broker: tcp://mu.lti.cs.cmu.edu:61616 Cas Identifier:-35f56554:141a3f64336:-7fed Exception:{3}
	at org.apache.uima.aae.jms_adapter.JmsAnalysisEngineServiceStub.callProcess(JmsAnalysisEngineServiceStub.java:191)
	at org.apache.uima.analysis_engine.service.impl.AnalysisEngineServiceAdapter.processAndOutputNewCASes(AnalysisEngineServiceAdapter.java:129)
	at org.apache.uima.analysis_engine.asb.impl.ASB_impl$AggregateCasIterator.processUntilNextOutputCas(ASB_impl.java:567)
	at org.apache.uima.analysis_engine.asb.impl.ASB_impl$AggregateCasIterator.<init>(ASB_impl.java:409)
	at org.apache.uima.analysis_engine.asb.impl.ASB_impl.process(ASB_impl.java:342)
	at org.apache.uima.analysis_engine.impl.AggregateAnalysisEngine_impl.processAndOutputNewCASes(AggregateAnalysisEngine_impl.java:267)
	at org.apache.uima.aae.controller.PrimitiveAnalysisEngineController_impl.process(PrimitiveAnalysisEngineController_impl.java:584)
	at org.apache.uima.aae.handler.HandlerBase.invokeProcess(HandlerBase.java:121)
	at org.apache.uima.aae.handler.input.ProcessRequestHandler_impl.handleProcessRequestFromRemoteClient(ProcessRequestHandler_impl.java:510)
	at org.apache.uima.aae.handler.input.ProcessRequestHandler_impl.handle(ProcessRequestHandler_impl.java:1008)
	at org.apache.uima.aae.handler.input.MetadataRequestHandler_impl.handle(MetadataRequestHandler_impl.java:78)
	at org.apache.uima.adapter.jms.activemq.JmsInputChannel.onMessage(JmsInputChannel.java:702)
	at org.springframework.jms.listener.AbstractMessageListenerContainer.doInvokeListener(AbstractMessageListenerContainer.java:535)
	at org.springframework.jms.listener.AbstractMessageListenerContainer.invokeListener(AbstractMessageListenerContainer.java:495)
	at org.springframework.jms.listener.AbstractMessageListenerContainer.doExecuteListener(AbstractMessageListenerContainer.java:467)
	at org.springframework.jms.listener.AbstractPollingMessageListenerContainer.doReceiveAndExecute(AbstractPollingMessageListenerContainer.java:323)
	at org.springframework.jms.listener.AbstractPollingMessageListenerContainer.receiveAndExecute(AbstractPollingMessageListenerContainer.java:261)
	at org.springframework.jms.listener.DefaultMessageListenerContainer$AsyncMessageListenerInvoker.invokeListener(DefaultMessageListenerContainer.java:1056)
	at org.springframework.jms.listener.DefaultMessageListenerContainer$AsyncMessageListenerInvoker.run(DefaultMessageListenerContainer.java:952)
	at java.util.concurrent.ThreadPoolExecutor$Worker.runTask(ThreadPoolExecutor.java:895)
	at java.util.concurrent.ThreadPoolExecutor$Worker.run(ThreadPoolExecutor.java:918)
	at org.apache.uima.aae.UimaAsThreadFactory$1.run(UimaAsThreadFactory.java:118)
	at java.lang.Thread.run(Thread.java:680)
Caused by: org.apache.uima.resource.ResourceProcessException: Received Exception In Message From Service on Queue:ScnlpQueue Broker: tcp://mu.lti.cs.cmu.edu:61616 Cas Identifier:-35f56554:141a3f64336:-7fed Exception:{3}
	at org.apache.uima.adapter.jms.client.BaseUIMAAsynchronousEngineCommon_impl.sendAndReceiveCAS(BaseUIMAAsynchronousEngineCommon_impl.java:2139)
	at org.apache.uima.adapter.jms.client.BaseUIMAAsynchronousEngineCommon_impl.sendAndReceiveCAS(BaseUIMAAsynchronousEngineCommon_impl.java:1952)
	at org.apache.uima.aae.jms_adapter.JmsAnalysisEngineServiceStub.callProcess(JmsAnalysisEngineServiceStub.java:183)
	... 22 more
Caused by: org.apache.uima.jms.error.handler.BrokerConnectionException: Unable To Deliver Message To Destination. Connection To Broker tcp://mu.lti.cs.cmu.edu:61616 Has Been Lost
	at org.apache.uima.adapter.jms.client.BaseMessageSender.reject(BaseMessageSender.java:139)
	at org.apache.uima.adapter.jms.client.BaseMessageSender.run(BaseMessageSender.java:269)
	... 1 more

10/10/13 4:25:27 PM - 11: org.apache.uima.analysis_engine.impl.AggregateAnalysisEngine_impl.processAndOutputNewCASes(275): SEVERE: Exception occurred
org.apache.uima.analysis_engine.AnalysisEngineProcessException: Received Exception In Message From Service on Queue:ScnlpQueue Broker: tcp://mu.lti.cs.cmu.edu:61616 Cas Identifier:-35f56554:141a3f64336:-7fed Exception:{3}
	at org.apache.uima.analysis_engine.service.impl.AnalysisEngineServiceAdapter.processAndOutputNewCASes(AnalysisEngineServiceAdapter.java:142)
	at org.apache.uima.analysis_engine.asb.impl.ASB_impl$AggregateCasIterator.processUntilNextOutputCas(ASB_impl.java:567)
	at org.apache.uima.analysis_engine.asb.impl.ASB_impl$AggregateCasIterator.<init>(ASB_impl.java:409)
	at org.apache.uima.analysis_engine.asb.impl.ASB_impl.process(ASB_impl.java:342)
	at org.apache.uima.analysis_engine.impl.AggregateAnalysisEngine_impl.processAndOutputNewCASes(AggregateAnalysisEngine_impl.java:267)
	at org.apache.uima.aae.controller.PrimitiveAnalysisEngineController_impl.process(PrimitiveAnalysisEngineController_impl.java:584)
	at org.apache.uima.aae.handler.HandlerBase.invokeProcess(HandlerBase.java:121)
	at org.apache.uima.aae.handler.input.ProcessRequestHandler_impl.handleProcessRequestFromRemoteClient(ProcessRequestHandler_impl.java:510)
	at org.apache.uima.aae.handler.input.ProcessRequestHandler_impl.handle(ProcessRequestHandler_impl.java:1008)
	at org.apache.uima.aae.handler.input.MetadataRequestHandler_impl.handle(MetadataRequestHandler_impl.java:78)
	at org.apache.uima.adapter.jms.activemq.JmsInputChannel.onMessage(JmsInputChannel.java:702)
	at org.springframework.jms.listener.AbstractMessageListenerContainer.doInvokeListener(AbstractMessageListenerContainer.java:535)
	at org.springframework.jms.listener.AbstractMessageListenerContainer.invokeListener(AbstractMessageListenerContainer.java:495)
	at org.springframework.jms.listener.AbstractMessageListenerContainer.doExecuteListener(AbstractMessageListenerContainer.java:467)
	at org.springframework.jms.listener.AbstractPollingMessageListenerContainer.doReceiveAndExecute(AbstractPollingMessageListenerContainer.java:323)
	at org.springframework.jms.listener.AbstractPollingMessageListenerContainer.receiveAndExecute(AbstractPollingMessageListenerContainer.java:261)
	at org.springframework.jms.listener.DefaultMessageListenerContainer$AsyncMessageListenerInvoker.invokeListener(DefaultMessageListenerContainer.java:1056)
	at org.springframework.jms.listener.DefaultMessageListenerContainer$AsyncMessageListenerInvoker.run(DefaultMessageListenerContainer.java:952)
	at java.util.concurrent.ThreadPoolExecutor$Worker.runTask(ThreadPoolExecutor.java:895)
	at java.util.concurrent.ThreadPoolExecutor$Worker.run(ThreadPoolExecutor.java:918)
	at org.apache.uima.aae.UimaAsThreadFactory$1.run(UimaAsThreadFactory.java:118)
	at java.lang.Thread.run(Thread.java:680)
Caused by: org.apache.uima.resource.ResourceServiceException: Received Exception In Message From Service on Queue:ScnlpQueue Broker: tcp://mu.lti.cs.cmu.edu:61616 Cas Identifier:-35f56554:141a3f64336:-7fed Exception:{3}
	at org.apache.uima.aae.jms_adapter.JmsAnalysisEngineServiceStub.callProcess(JmsAnalysisEngineServiceStub.java:191)
	at org.apache.uima.analysis_engine.service.impl.AnalysisEngineServiceAdapter.processAndOutputNewCASes(AnalysisEngineServiceAdapter.java:129)
	... 21 more
Caused by: org.apache.uima.resource.ResourceProcessException: Received Exception In Message From Service on Queue:ScnlpQueue Broker: tcp://mu.lti.cs.cmu.edu:61616 Cas Identifier:-35f56554:141a3f64336:-7fed Exception:{3}
	at org.apache.uima.adapter.jms.client.BaseUIMAAsynchronousEngineCommon_impl.sendAndReceiveCAS(BaseUIMAAsynchronousEngineCommon_impl.java:2139)
	at org.apache.uima.adapter.jms.client.BaseUIMAAsynchronousEngineCommon_impl.sendAndReceiveCAS(BaseUIMAAsynchronousEngineCommon_impl.java:1952)
	at org.apache.uima.aae.jms_adapter.JmsAnalysisEngineServiceStub.callProcess(JmsAnalysisEngineServiceStub.java:183)
	... 22 more
Caused by: org.apache.uima.jms.error.handler.BrokerConnectionException: Unable To Deliver Message To Destination. Connection To Broker tcp://mu.lti.cs.cmu.edu:61616 Has Been Lost
	at org.apache.uima.adapter.jms.client.BaseMessageSender.reject(BaseMessageSender.java:139)
	at org.apache.uima.adapter.jms.client.BaseMessageSender.run(BaseMessageSender.java:269)
	... 1 more

10/10/13 4:25:27 PM - 11: org.apache.uima.aae.error.handler.ProcessCasErrorHandler.handleError: WARNING: Service: allInOneDescriptor Runtime Exception  
10/10/13 4:25:27 PM - 11: org.apache.uima.aae.error.handler.ProcessCasErrorHandler.handleError: WARNING: 
org.apache.uima.analysis_engine.AnalysisEngineProcessException: Received Exception In Message From Service on Queue:ScnlpQueue Broker: tcp://mu.lti.cs.cmu.edu:61616 Cas Identifier:-35f56554:141a3f64336:-7fed Exception:{3}
	at org.apache.uima.analysis_engine.service.impl.AnalysisEngineServiceAdapter.processAndOutputNewCASes(AnalysisEngineServiceAdapter.java:142)
	at org.apache.uima.analysis_engine.asb.impl.ASB_impl$AggregateCasIterator.processUntilNextOutputCas(ASB_impl.java:567)
	at org.apache.uima.analysis_engine.asb.impl.ASB_impl$AggregateCasIterator.<init>(ASB_impl.java:409)
	at org.apache.uima.analysis_engine.asb.impl.ASB_impl.process(ASB_impl.java:342)
	at org.apache.uima.analysis_engine.impl.AggregateAnalysisEngine_impl.processAndOutputNewCASes(AggregateAnalysisEngine_impl.java:267)
	at org.apache.uima.aae.controller.PrimitiveAnalysisEngineController_impl.process(PrimitiveAnalysisEngineController_impl.java:584)
	at org.apache.uima.aae.handler.HandlerBase.invokeProcess(HandlerBase.java:121)
	at org.apache.uima.aae.handler.input.ProcessRequestHandler_impl.handleProcessRequestFromRemoteClient(ProcessRequestHandler_impl.java:510)
	at org.apache.uima.aae.handler.input.ProcessRequestHandler_impl.handle(ProcessRequestHandler_impl.java:1008)
	at org.apache.uima.aae.handler.input.MetadataRequestHandler_impl.handle(MetadataRequestHandler_impl.java:78)
	at org.apache.uima.adapter.jms.activemq.JmsInputChannel.onMessage(JmsInputChannel.java:702)
	at org.springframework.jms.listener.AbstractMessageListenerContainer.doInvokeListener(AbstractMessageListenerContainer.java:535)
	at org.springframework.jms.listener.AbstractMessageListenerContainer.invokeListener(AbstractMessageListenerContainer.java:495)
	at org.springframework.jms.listener.AbstractMessageListenerContainer.doExecuteListener(AbstractMessageListenerContainer.java:467)
	at org.springframework.jms.listener.AbstractPollingMessageListenerContainer.doReceiveAndExecute(AbstractPollingMessageListenerContainer.java:323)
	at org.springframework.jms.listener.AbstractPollingMessageListenerContainer.receiveAndExecute(AbstractPollingMessageListenerContainer.java:261)
	at org.springframework.jms.listener.DefaultMessageListenerContainer$AsyncMessageListenerInvoker.invokeListener(DefaultMessageListenerContainer.java:1056)
	at org.springframework.jms.listener.DefaultMessageListenerContainer$AsyncMessageListenerInvoker.run(DefaultMessageListenerContainer.java:952)
	at java.util.concurrent.ThreadPoolExecutor$Worker.runTask(ThreadPoolExecutor.java:895)
	at java.util.concurrent.ThreadPoolExecutor$Worker.run(ThreadPoolExecutor.java:918)
	at org.apache.uima.aae.UimaAsThreadFactory$1.run(UimaAsThreadFactory.java:118)
	at java.lang.Thread.run(Thread.java:680)
Caused by: org.apache.uima.resource.ResourceServiceException: Received Exception In Message From Service on Queue:ScnlpQueue Broker: tcp://mu.lti.cs.cmu.edu:61616 Cas Identifier:-35f56554:141a3f64336:-7fed Exception:{3}
	at org.apache.uima.aae.jms_adapter.JmsAnalysisEngineServiceStub.callProcess(JmsAnalysisEngineServiceStub.java:191)
	at org.apache.uima.analysis_engine.service.impl.AnalysisEngineServiceAdapter.processAndOutputNewCASes(AnalysisEngineServiceAdapter.java:129)
	... 21 more
Caused by: org.apache.uima.resource.ResourceProcessException: Received Exception In Message From Service on Queue:ScnlpQueue Broker: tcp://mu.lti.cs.cmu.edu:61616 Cas Identifier:-35f56554:141a3f64336:-7fed Exception:{3}
	at org.apache.uima.adapter.jms.client.BaseUIMAAsynchronousEngineCommon_impl.sendAndReceiveCAS(BaseUIMAAsynchronousEngineCommon_impl.java:2139)
	at org.apache.uima.adapter.jms.client.BaseUIMAAsynchronousEngineCommon_impl.sendAndReceiveCAS(BaseUIMAAsynchronousEngineCommon_impl.java:1952)
	at org.apache.uima.aae.jms_adapter.JmsAnalysisEngineServiceStub.callProcess(JmsAnalysisEngineServiceStub.java:183)
	... 22 more
Caused by: org.apache.uima.jms.error.handler.BrokerConnectionException: Unable To Deliver Message To Destination. Connection To Broker tcp://mu.lti.cs.cmu.edu:61616 Has Been Lost
	at org.apache.uima.adapter.jms.client.BaseMessageSender.reject(BaseMessageSender.java:139)
	at org.apache.uima.adapter.jms.client.BaseMessageSender.run(BaseMessageSender.java:269)
	... 1 more

10/10/13 4:25:27 PM - 13: org.apache.uima.adapter.jms.client.BaseUIMAAsynchronousEngine_impl.initializeConsumer: INFO: Initializing JMS Message Consumer. Broker: tcp://mu.lti.cs.cmu.edu:61616 Queue Name: ID:CAir.local-53759-1381435328101-0:12:1
10/10/13 4:25:27 PM - 13: org.apache.uima.adapter.jms.client.BaseUIMAAsynchronousEngineCommon_impl$SharedConnection.retryConnectionUntilSuccessfull: INFO: UIMA AS Client Recovered Connection to Broker: tcp://mu.lti.cs.cmu.edu:61616 
10/10/13 4:26:04 PM - 11: org.apache.uima.adapter.jms.client.ClientServiceDelegate.addCasToPendingDispatchList: WARNING: Controller: UimaASClient Added CAS -35f56554:141a3f64336:-7fec (Hashcode: 1703462968) To a List Of CASes Pending Dispatch. The Controller Has Previously Timed-out Waiting For a Reply From ScnlpQueue Service. The Submitted CAS Will Remain in Pending Dispatch List Until GetMeta Ping Succeeds or GetMet Ping Times out. List Size Before Add: 0
10/10/13 4:26:04 PM - 11: org.apache.uima.adapter.jms.client.ClientServiceDelegate.dumpDelayedList: INFO: Current Pending Dispatch List. Delegate:ScnlpQueue
	----- CAS:-35f56554:141a3f64336:-7fec CAS hashCode:1703462968

10/10/13 4:26:04 PM - 13: org.apache.uima.adapter.jms.client.ActiveMQMessageSender.run: INFO: UIMA AS Client Message Dispatcher Sending GetMeta Ping To the Service
10/10/13 4:26:04 PM - 11: org.apache.uima.adapter.jms.client.BaseUIMAAsynchronousEngineCommon_impl.sendCAS: INFO: Uima AS Client Sent PING Message To Service: ScnlpQueue
10/10/13 4:26:04 PM - 14: org.apache.uima.adapter.jms.client.BaseUIMAAsynchronousEngineCommon_impl.handleMetadataReply: INFO: UIMA AS Client Received GetMeta Ping Reply from Service:ScnlpQueue on host: 128.2.220.69
10/10/13 4:26:04 PM - 14: org.apache.uima.adapter.jms.client.BaseUIMAAsynchronousEngineCommon_impl.handleMetadataReply: INFO: UIMA AS Dispatching CAS: -35f56554:141a3f64336:-7fec (Hashcode:1703462968) from Delayed List 
10/10/13 5:05:12 PM - 15: org.apache.uima.adapter.jms.activemq.JmsOutputChannel$ConnectionTimer.startTimer: INFO: Inactivity Timer Expired. Thread: Controller:allInOneDescriptor:Reply TimerThread-:ID:CAir.local-54243-1381436726022-0:1:1:1381436765106221000 Controller: allInOneDescriptor Timeout Value: 1,800,000 Endpoint Name: ID:CAir.local-54243-1381436726022-0:1:1
10/10/13 6:35:58 PM - 11: org.apache.uima.adapter.jms.activemq.UimaDefaultMessageListenerContainer.onException: WARNING: Service: allInOneDescriptor Runtime Exception  
10/10/13 6:35:58 PM - 12: org.apache.uima.adapter.jms.activemq.UimaDefaultMessageListenerContainer.onException: WARNING: Service: allInOneDescriptor Runtime Exception  
10/10/13 6:35:58 PM - 11: org.apache.uima.adapter.jms.activemq.UimaDefaultMessageListenerContainer.onException: WARNING: Jms Listener Failed. Endpoint: aQueue Managed By: tcp://CAir.local:61616 Reason: javax.jms.JMSException: Operation timed out
10/10/13 6:35:58 PM - 12: org.apache.uima.adapter.jms.activemq.UimaDefaultMessageListenerContainer.onException: WARNING: Jms Listener Failed. Endpoint: aQueue Managed By: tcp://CAir.local:61616 Reason: javax.jms.JMSException: Operation timed out
10/10/13 6:35:58 PM - 12: org.apache.uima.adapter.jms.activemq.UimaDefaultMessageListenerContainer.handleListenerSetupFailure: WARNING: Uima AS Service:allInOneDescriptor Listener Unable To Connect To Broker: tcp://CAir.local:61616 Retrying ...  
10/10/13 6:35:58 PM - 11: org.apache.uima.adapter.jms.activemq.UimaDefaultMessageListenerContainer.handleListenerSetupFailure: WARNING: Uima AS Service:allInOneDescriptor Listener Unable To Connect To Broker: tcp://CAir.local:61616 Retrying ...  
10/10/13 6:35:58 PM - 11: org.apache.uima.adapter.jms.activemq.UimaDefaultMessageListenerContainer.handleListenerSetupFailure: WARNING: Uima AS Service:allInOneDescriptor Listener Established Connection to Broker: tcp://CAir.local:61616 
10/10/13 6:35:58 PM - 12: org.apache.uima.adapter.jms.activemq.UimaDefaultMessageListenerContainer.handleListenerSetupFailure: WARNING: Uima AS Service:allInOneDescriptor Listener Established Connection to Broker: tcp://CAir.local:61616 
